[2023-11-28 11:53:47 [32mINFO [0;39m restartedMain] [com.example.greengram2.Greengram2Application] [36mStarting Greengram2Application using Java 17.0.8.1 with PID 1340 (D:\Students\hyun\java\greengram2\target\classes started by Administrator in D:\Students\hyun\java\greengram2)[0;39m
[2023-11-28 11:53:47 [32mINFO [0;39m restartedMain] [com.example.greengram2.Greengram2Application] [36mNo active profile set, falling back to 1 default profile: "default"[0;39m
[2023-11-28 11:53:47 [32mINFO [0;39m restartedMain] [org.springframework.boot.devtools.env.DevToolsPropertyDefaultsPostProcessor] [36mDevtools property defaults active! Set 'spring.devtools.add-properties' to 'false' to disable[0;39m
[2023-11-28 11:53:47 [32mINFO [0;39m restartedMain] [org.springframework.boot.devtools.env.DevToolsPropertyDefaultsPostProcessor] [36mFor additional web related logging consider setting the 'logging.level.web' property to 'DEBUG'[0;39m
[2023-11-28 11:53:48 [32mINFO [0;39m restartedMain] [org.springframework.boot.web.embedded.tomcat.TomcatWebServer] [36mTomcat initialized with port(s): 8082 (http)[0;39m
[2023-11-28 11:53:48 [32mINFO [0;39m restartedMain] [org.apache.coyote.http11.Http11NioProtocol] [36mInitializing ProtocolHandler ["http-nio-8082"][0;39m
[2023-11-28 11:53:48 [32mINFO [0;39m restartedMain] [org.apache.catalina.core.StandardService] [36mStarting service [Tomcat][0;39m
[2023-11-28 11:53:48 [32mINFO [0;39m restartedMain] [org.apache.catalina.core.StandardEngine] [36mStarting Servlet engine: [Apache Tomcat/10.1.15][0;39m
[2023-11-28 11:53:48 [32mINFO [0;39m restartedMain] [org.apache.catalina.core.ContainerBase.[Tomcat].[localhost].[/]] [36mInitializing Spring embedded WebApplicationContext[0;39m
[2023-11-28 11:53:48 [32mINFO [0;39m restartedMain] [org.springframework.boot.web.servlet.context.ServletWebServerApplicationContext] [36mRoot WebApplicationContext: initialization completed in 990 ms[0;39m
[2023-11-28 11:53:49 [32mINFO [0;39m restartedMain] [org.springframework.boot.autoconfigure.web.servlet.WelcomePageHandlerMapping] [36mAdding welcome page: class path resource [static/index.html][0;39m
[2023-11-28 11:53:49 [32mINFO [0;39m restartedMain] [org.springframework.boot.devtools.autoconfigure.OptionalLiveReloadServer] [36mLiveReload server is running on port 35729[0;39m
[2023-11-28 11:53:49 [32mINFO [0;39m restartedMain] [org.apache.coyote.http11.Http11NioProtocol] [36mStarting ProtocolHandler ["http-nio-8082"][0;39m
[2023-11-28 11:53:49 [32mINFO [0;39m restartedMain] [org.springframework.boot.web.embedded.tomcat.TomcatWebServer] [36mTomcat started on port(s): 8082 (http) with context path ''[0;39m
[2023-11-28 11:53:49 [32mINFO [0;39m restartedMain] [com.example.greengram2.Greengram2Application] [36mStarted Greengram2Application in 2.054 seconds (process running for 2.656)[0;39m
[2023-11-28 11:53:54 [32mINFO [0;39m http-nio-8082-exec-1] [org.apache.catalina.core.ContainerBase.[Tomcat].[localhost].[/]] [36mInitializing Spring DispatcherServlet 'dispatcherServlet'[0;39m
[2023-11-28 11:53:54 [32mINFO [0;39m http-nio-8082-exec-1] [org.springframework.web.servlet.DispatcherServlet] [36mInitializing Servlet 'dispatcherServlet'[0;39m
[2023-11-28 11:53:54 [32mINFO [0;39m http-nio-8082-exec-1] [org.springframework.web.servlet.DispatcherServlet] [36mCompleted initialization in 1 ms[0;39m
[2023-11-28 11:53:54 [32mINFO [0;39m http-nio-8082-exec-7] [org.springdoc.api.AbstractOpenApiResource] [36mInit duration for springdoc-openapi is: 174 ms[0;39m
[2023-11-28 14:23:56 [32mINFO [0;39m http-nio-8082-exec-4] [com.zaxxer.hikari.HikariDataSource] [36mHikariPool-1 - Starting...[0;39m
[2023-11-28 14:23:56 [32mINFO [0;39m http-nio-8082-exec-4] [com.zaxxer.hikari.pool.HikariPool] [36mHikariPool-1 - Added connection org.mariadb.jdbc.Connection@a6a0239[0;39m
[2023-11-28 14:23:56 [32mINFO [0;39m http-nio-8082-exec-4] [com.zaxxer.hikari.HikariDataSource] [36mHikariPool-1 - Start completed.[0;39m
[2023-11-28 14:24:01 [32mINFO [0;39m http-nio-8082-exec-9] [com.example.greengram2.feed.FeedController] [36mtargetIuser : 0[0;39m
[2023-11-28 15:38:14 [32mINFO [0;39m http-nio-8082-exec-3] [com.example.greengram2.feed.FeedController] [36mtargetIuser : 0[0;39m
[2023-11-28 15:38:19 [32mINFO [0;39m http-nio-8082-exec-1] [com.example.greengram2.user.UserController] [36mtargetIuser : 23 [0;39m
[2023-11-28 15:38:19 [32mINFO [0;39m http-nio-8082-exec-7] [com.example.greengram2.feed.FeedController] [36mtargetIuser : 23[0;39m
[2023-11-28 16:00:33 [32mINFO [0;39m http-nio-8082-exec-6] [com.example.greengram2.feed.FeedController] [36mtargetIuser : 0[0;39m
[2023-11-28 16:27:22 [33mWARN [0;39m HikariPool-1 housekeeper] [com.zaxxer.hikari.pool.HikariPool] [36mHikariPool-1 - Thread starvation or clock leap detected (housekeeper delta=14m23s978ms374µs300ns).[0;39m
[2023-11-28 17:22:25 [32mINFO [0;39m File Watcher] [org.springframework.boot.devtools.autoconfigure.LocalDevToolsAutoConfiguration$RestartingClassPathChangeChangedEventListener] [36mRestarting due to 1 class path change (0 additions, 0 deletions, 1 modification)[0;39m
[2023-11-28 17:22:25 [32mINFO [0;39m Thread-5] [org.apache.coyote.http11.Http11NioProtocol] [36mPausing ProtocolHandler ["http-nio-8082"][0;39m
[2023-11-28 17:22:25 [32mINFO [0;39m Thread-5] [org.apache.catalina.core.StandardService] [36mStopping service [Tomcat][0;39m
[2023-11-28 17:22:25 [32mINFO [0;39m Thread-5] [org.apache.catalina.core.ContainerBase.[Tomcat].[localhost].[/]] [36mDestroying Spring FrameworkServlet 'dispatcherServlet'[0;39m
[2023-11-28 17:22:25 [33mWARN [0;39m Thread-5] [org.apache.catalina.loader.WebappClassLoaderBase] [36mThe web application [ROOT] appears to have started a thread named [HikariPool-1 housekeeper] but has failed to stop it. This is very likely to create a memory leak. Stack trace of thread:
 java.base@17.0.8.1/jdk.internal.misc.Unsafe.park(Native Method)
 java.base@17.0.8.1/java.util.concurrent.locks.LockSupport.parkNanos(LockSupport.java:252)
 java.base@17.0.8.1/java.util.concurrent.locks.AbstractQueuedSynchronizer$ConditionObject.awaitNanos(AbstractQueuedSynchronizer.java:1672)
 java.base@17.0.8.1/java.util.concurrent.ScheduledThreadPoolExecutor$DelayedWorkQueue.take(ScheduledThreadPoolExecutor.java:1182)
 java.base@17.0.8.1/java.util.concurrent.ScheduledThreadPoolExecutor$DelayedWorkQueue.take(ScheduledThreadPoolExecutor.java:899)
 java.base@17.0.8.1/java.util.concurrent.ThreadPoolExecutor.getTask(ThreadPoolExecutor.java:1062)
 java.base@17.0.8.1/java.util.concurrent.ThreadPoolExecutor.runWorker(ThreadPoolExecutor.java:1122)
 java.base@17.0.8.1/java.util.concurrent.ThreadPoolExecutor$Worker.run(ThreadPoolExecutor.java:635)
 java.base@17.0.8.1/java.lang.Thread.run(Thread.java:833)[0;39m
[2023-11-28 17:22:25 [32mINFO [0;39m Thread-5] [org.apache.coyote.http11.Http11NioProtocol] [36mStopping ProtocolHandler ["http-nio-8082"][0;39m
[2023-11-28 17:22:25 [32mINFO [0;39m Thread-5] [org.apache.coyote.http11.Http11NioProtocol] [36mDestroying ProtocolHandler ["http-nio-8082"][0;39m
[2023-11-28 17:22:25 [32mINFO [0;39m Thread-5] [com.zaxxer.hikari.HikariDataSource] [36mHikariPool-1 - Shutdown initiated...[0;39m
[2023-11-28 17:22:25 [32mINFO [0;39m Thread-5] [com.zaxxer.hikari.HikariDataSource] [36mHikariPool-1 - Shutdown completed.[0;39m
[2023-11-28 17:22:25 [32mINFO [0;39m restartedMain] [com.example.greengram2.Greengram2Application] [36mStarting Greengram2Application using Java 17.0.8.1 with PID 1340 (D:\Students\hyun\java\greengram2\target\classes started by Administrator in D:\Students\hyun\java\greengram2)[0;39m
[2023-11-28 17:22:25 [32mINFO [0;39m restartedMain] [com.example.greengram2.Greengram2Application] [36mNo active profile set, falling back to 1 default profile: "default"[0;39m
[2023-11-28 17:22:26 [32mINFO [0;39m restartedMain] [org.springframework.boot.web.embedded.tomcat.TomcatWebServer] [36mTomcat initialized with port(s): 8082 (http)[0;39m
[2023-11-28 17:22:26 [32mINFO [0;39m restartedMain] [org.apache.coyote.http11.Http11NioProtocol] [36mInitializing ProtocolHandler ["http-nio-8082"][0;39m
[2023-11-28 17:22:26 [32mINFO [0;39m restartedMain] [org.apache.catalina.core.StandardService] [36mStarting service [Tomcat][0;39m
[2023-11-28 17:22:26 [32mINFO [0;39m restartedMain] [org.apache.catalina.core.StandardEngine] [36mStarting Servlet engine: [Apache Tomcat/10.1.15][0;39m
[2023-11-28 17:22:26 [32mINFO [0;39m restartedMain] [org.apache.catalina.core.ContainerBase.[Tomcat].[localhost].[/]] [36mInitializing Spring embedded WebApplicationContext[0;39m
[2023-11-28 17:22:26 [32mINFO [0;39m restartedMain] [org.springframework.boot.web.servlet.context.ServletWebServerApplicationContext] [36mRoot WebApplicationContext: initialization completed in 181 ms[0;39m
[2023-11-28 17:22:26 [32mINFO [0;39m restartedMain] [org.springframework.boot.autoconfigure.web.servlet.WelcomePageHandlerMapping] [36mAdding welcome page: class path resource [static/index.html][0;39m
[2023-11-28 17:22:26 [32mINFO [0;39m restartedMain] [org.springframework.boot.devtools.autoconfigure.OptionalLiveReloadServer] [36mLiveReload server is running on port 35729[0;39m
[2023-11-28 17:22:26 [32mINFO [0;39m restartedMain] [org.apache.coyote.http11.Http11NioProtocol] [36mStarting ProtocolHandler ["http-nio-8082"][0;39m
[2023-11-28 17:22:26 [32mINFO [0;39m restartedMain] [org.springframework.boot.web.embedded.tomcat.TomcatWebServer] [36mTomcat started on port(s): 8082 (http) with context path ''[0;39m
[2023-11-28 17:22:26 [32mINFO [0;39m restartedMain] [com.example.greengram2.Greengram2Application] [36mStarted Greengram2Application in 0.342 seconds (process running for 19719.716)[0;39m
[2023-11-28 17:22:26 [32mINFO [0;39m restartedMain] [org.springframework.boot.devtools.autoconfigure.ConditionEvaluationDeltaLoggingListener] [36mCondition evaluation unchanged[0;39m
[2023-11-28 17:28:18 [32mINFO [0;39m File Watcher] [org.springframework.boot.devtools.autoconfigure.LocalDevToolsAutoConfiguration$RestartingClassPathChangeChangedEventListener] [36mRestarting due to 1 class path change (0 additions, 0 deletions, 1 modification)[0;39m
[2023-11-28 17:28:18 [32mINFO [0;39m Thread-7] [org.apache.coyote.http11.Http11NioProtocol] [36mPausing ProtocolHandler ["http-nio-8082"][0;39m
[2023-11-28 17:28:18 [32mINFO [0;39m Thread-7] [org.apache.catalina.core.StandardService] [36mStopping service [Tomcat][0;39m
[2023-11-28 17:28:18 [32mINFO [0;39m Thread-7] [org.apache.coyote.http11.Http11NioProtocol] [36mStopping ProtocolHandler ["http-nio-8082"][0;39m
[2023-11-28 17:28:18 [32mINFO [0;39m Thread-7] [org.apache.coyote.http11.Http11NioProtocol] [36mDestroying ProtocolHandler ["http-nio-8082"][0;39m
[2023-11-28 17:28:18 [32mINFO [0;39m restartedMain] [com.example.greengram2.Greengram2Application] [36mStarting Greengram2Application using Java 17.0.8.1 with PID 1340 (D:\Students\hyun\java\greengram2\target\classes started by Administrator in D:\Students\hyun\java\greengram2)[0;39m
[2023-11-28 17:28:18 [32mINFO [0;39m restartedMain] [com.example.greengram2.Greengram2Application] [36mNo active profile set, falling back to 1 default profile: "default"[0;39m
[2023-11-28 17:28:18 [32mINFO [0;39m restartedMain] [org.springframework.boot.web.embedded.tomcat.TomcatWebServer] [36mTomcat initialized with port(s): 8082 (http)[0;39m
[2023-11-28 17:28:18 [32mINFO [0;39m restartedMain] [org.apache.coyote.http11.Http11NioProtocol] [36mInitializing ProtocolHandler ["http-nio-8082"][0;39m
[2023-11-28 17:28:18 [32mINFO [0;39m restartedMain] [org.apache.catalina.core.StandardService] [36mStarting service [Tomcat][0;39m
[2023-11-28 17:28:18 [32mINFO [0;39m restartedMain] [org.apache.catalina.core.StandardEngine] [36mStarting Servlet engine: [Apache Tomcat/10.1.15][0;39m
[2023-11-28 17:28:18 [32mINFO [0;39m restartedMain] [org.apache.catalina.core.ContainerBase.[Tomcat].[localhost].[/]] [36mInitializing Spring embedded WebApplicationContext[0;39m
[2023-11-28 17:28:18 [32mINFO [0;39m restartedMain] [org.springframework.boot.web.servlet.context.ServletWebServerApplicationContext] [36mRoot WebApplicationContext: initialization completed in 162 ms[0;39m
[2023-11-28 17:28:18 [32mINFO [0;39m restartedMain] [org.springframework.boot.autoconfigure.web.servlet.WelcomePageHandlerMapping] [36mAdding welcome page: class path resource [static/index.html][0;39m
[2023-11-28 17:28:18 [32mINFO [0;39m restartedMain] [org.springframework.boot.devtools.autoconfigure.OptionalLiveReloadServer] [36mLiveReload server is running on port 35729[0;39m
[2023-11-28 17:28:18 [32mINFO [0;39m restartedMain] [org.apache.coyote.http11.Http11NioProtocol] [36mStarting ProtocolHandler ["http-nio-8082"][0;39m
[2023-11-28 17:28:18 [32mINFO [0;39m restartedMain] [org.springframework.boot.web.embedded.tomcat.TomcatWebServer] [36mTomcat started on port(s): 8082 (http) with context path ''[0;39m
[2023-11-28 17:28:18 [32mINFO [0;39m restartedMain] [com.example.greengram2.Greengram2Application] [36mStarted Greengram2Application in 0.302 seconds (process running for 20071.952)[0;39m
[2023-11-28 17:28:18 [32mINFO [0;39m restartedMain] [org.springframework.boot.devtools.autoconfigure.ConditionEvaluationDeltaLoggingListener] [36mCondition evaluation unchanged[0;39m
[2023-11-28 17:29:11 [32mINFO [0;39m File Watcher] [org.springframework.boot.devtools.autoconfigure.LocalDevToolsAutoConfiguration$RestartingClassPathChangeChangedEventListener] [36mRestarting due to 1 class path change (0 additions, 0 deletions, 1 modification)[0;39m
[2023-11-28 17:29:11 [32mINFO [0;39m Thread-11] [org.apache.coyote.http11.Http11NioProtocol] [36mPausing ProtocolHandler ["http-nio-8082"][0;39m
[2023-11-28 17:29:11 [32mINFO [0;39m Thread-11] [org.apache.catalina.core.StandardService] [36mStopping service [Tomcat][0;39m
[2023-11-28 17:29:11 [32mINFO [0;39m Thread-11] [org.apache.coyote.http11.Http11NioProtocol] [36mStopping ProtocolHandler ["http-nio-8082"][0;39m
[2023-11-28 17:29:11 [32mINFO [0;39m Thread-11] [org.apache.coyote.http11.Http11NioProtocol] [36mDestroying ProtocolHandler ["http-nio-8082"][0;39m
[2023-11-28 17:29:11 [32mINFO [0;39m restartedMain] [com.example.greengram2.Greengram2Application] [36mStarting Greengram2Application using Java 17.0.8.1 with PID 1340 (D:\Students\hyun\java\greengram2\target\classes started by Administrator in D:\Students\hyun\java\greengram2)[0;39m
[2023-11-28 17:29:11 [32mINFO [0;39m restartedMain] [com.example.greengram2.Greengram2Application] [36mNo active profile set, falling back to 1 default profile: "default"[0;39m
[2023-11-28 17:29:12 [32mINFO [0;39m restartedMain] [org.springframework.boot.web.embedded.tomcat.TomcatWebServer] [36mTomcat initialized with port(s): 8082 (http)[0;39m
[2023-11-28 17:29:12 [32mINFO [0;39m restartedMain] [org.apache.coyote.http11.Http11NioProtocol] [36mInitializing ProtocolHandler ["http-nio-8082"][0;39m
[2023-11-28 17:29:12 [32mINFO [0;39m restartedMain] [org.apache.catalina.core.StandardService] [36mStarting service [Tomcat][0;39m
[2023-11-28 17:29:12 [32mINFO [0;39m restartedMain] [org.apache.catalina.core.StandardEngine] [36mStarting Servlet engine: [Apache Tomcat/10.1.15][0;39m
[2023-11-28 17:29:12 [32mINFO [0;39m restartedMain] [org.apache.catalina.core.ContainerBase.[Tomcat].[localhost].[/]] [36mInitializing Spring embedded WebApplicationContext[0;39m
[2023-11-28 17:29:12 [32mINFO [0;39m restartedMain] [org.springframework.boot.web.servlet.context.ServletWebServerApplicationContext] [36mRoot WebApplicationContext: initialization completed in 146 ms[0;39m
[2023-11-28 17:29:12 [32mINFO [0;39m restartedMain] [org.springframework.boot.autoconfigure.web.servlet.WelcomePageHandlerMapping] [36mAdding welcome page: class path resource [static/index.html][0;39m
[2023-11-28 17:29:12 [32mINFO [0;39m restartedMain] [org.springframework.boot.devtools.autoconfigure.OptionalLiveReloadServer] [36mLiveReload server is running on port 35729[0;39m
[2023-11-28 17:29:12 [32mINFO [0;39m restartedMain] [org.apache.coyote.http11.Http11NioProtocol] [36mStarting ProtocolHandler ["http-nio-8082"][0;39m
[2023-11-28 17:29:12 [32mINFO [0;39m restartedMain] [org.springframework.boot.web.embedded.tomcat.TomcatWebServer] [36mTomcat started on port(s): 8082 (http) with context path ''[0;39m
[2023-11-28 17:29:12 [32mINFO [0;39m restartedMain] [com.example.greengram2.Greengram2Application] [36mStarted Greengram2Application in 0.275 seconds (process running for 20125.72)[0;39m
[2023-11-28 17:29:12 [32mINFO [0;39m restartedMain] [org.springframework.boot.devtools.autoconfigure.ConditionEvaluationDeltaLoggingListener] [36mCondition evaluation unchanged[0;39m
[2023-11-28 17:29:30 [32mINFO [0;39m File Watcher] [org.springframework.boot.devtools.autoconfigure.LocalDevToolsAutoConfiguration$RestartingClassPathChangeChangedEventListener] [36mRestarting due to 1 class path change (0 additions, 1 deletion, 0 modifications)[0;39m
[2023-11-28 17:29:30 [32mINFO [0;39m Thread-15] [org.apache.coyote.http11.Http11NioProtocol] [36mPausing ProtocolHandler ["http-nio-8082"][0;39m
[2023-11-28 17:29:30 [32mINFO [0;39m Thread-15] [org.apache.catalina.core.StandardService] [36mStopping service [Tomcat][0;39m
[2023-11-28 17:29:30 [32mINFO [0;39m Thread-15] [org.apache.coyote.http11.Http11NioProtocol] [36mStopping ProtocolHandler ["http-nio-8082"][0;39m
[2023-11-28 17:29:30 [32mINFO [0;39m Thread-15] [org.apache.coyote.http11.Http11NioProtocol] [36mDestroying ProtocolHandler ["http-nio-8082"][0;39m
[2023-11-28 17:29:30 [32mINFO [0;39m restartedMain] [com.example.greengram2.Greengram2Application] [36mStarting Greengram2Application using Java 17.0.8.1 with PID 1340 (D:\Students\hyun\java\greengram2\target\classes started by Administrator in D:\Students\hyun\java\greengram2)[0;39m
[2023-11-28 17:29:30 [32mINFO [0;39m restartedMain] [com.example.greengram2.Greengram2Application] [36mNo active profile set, falling back to 1 default profile: "default"[0;39m
[2023-11-28 17:29:30 [32mINFO [0;39m restartedMain] [org.springframework.boot.web.embedded.tomcat.TomcatWebServer] [36mTomcat initialized with port(s): 8082 (http)[0;39m
[2023-11-28 17:29:30 [32mINFO [0;39m restartedMain] [org.apache.coyote.http11.Http11NioProtocol] [36mInitializing ProtocolHandler ["http-nio-8082"][0;39m
[2023-11-28 17:29:30 [32mINFO [0;39m restartedMain] [org.apache.catalina.core.StandardService] [36mStarting service [Tomcat][0;39m
[2023-11-28 17:29:30 [32mINFO [0;39m restartedMain] [org.apache.catalina.core.StandardEngine] [36mStarting Servlet engine: [Apache Tomcat/10.1.15][0;39m
[2023-11-28 17:29:30 [32mINFO [0;39m restartedMain] [org.apache.catalina.core.ContainerBase.[Tomcat].[localhost].[/]] [36mInitializing Spring embedded WebApplicationContext[0;39m
[2023-11-28 17:29:30 [32mINFO [0;39m restartedMain] [org.springframework.boot.web.servlet.context.ServletWebServerApplicationContext] [36mRoot WebApplicationContext: initialization completed in 181 ms[0;39m
[2023-11-28 17:29:30 [32mINFO [0;39m restartedMain] [org.springframework.boot.autoconfigure.web.servlet.WelcomePageHandlerMapping] [36mAdding welcome page: class path resource [static/index.html][0;39m
[2023-11-28 17:29:30 [32mINFO [0;39m restartedMain] [org.springframework.boot.devtools.autoconfigure.OptionalLiveReloadServer] [36mLiveReload server is running on port 35729[0;39m
[2023-11-28 17:29:30 [32mINFO [0;39m restartedMain] [org.apache.coyote.http11.Http11NioProtocol] [36mStarting ProtocolHandler ["http-nio-8082"][0;39m
[2023-11-28 17:29:30 [32mINFO [0;39m restartedMain] [org.springframework.boot.web.embedded.tomcat.TomcatWebServer] [36mTomcat started on port(s): 8082 (http) with context path ''[0;39m
[2023-11-28 17:29:30 [32mINFO [0;39m restartedMain] [com.example.greengram2.Greengram2Application] [36mStarted Greengram2Application in 0.323 seconds (process running for 20143.855)[0;39m
[2023-11-28 17:29:30 [32mINFO [0;39m restartedMain] [org.springframework.boot.devtools.autoconfigure.ConditionEvaluationDeltaLoggingListener] [36mCondition evaluation unchanged[0;39m
[2023-11-28 17:29:31 [32mINFO [0;39m File Watcher] [org.springframework.boot.devtools.autoconfigure.LocalDevToolsAutoConfiguration$RestartingClassPathChangeChangedEventListener] [36mRestarting due to 1 class path change (1 addition, 0 deletions, 0 modifications)[0;39m
[2023-11-28 17:29:31 [32mINFO [0;39m Thread-19] [org.apache.coyote.http11.Http11NioProtocol] [36mPausing ProtocolHandler ["http-nio-8082"][0;39m
[2023-11-28 17:29:31 [32mINFO [0;39m Thread-19] [org.apache.catalina.core.StandardService] [36mStopping service [Tomcat][0;39m
[2023-11-28 17:29:31 [32mINFO [0;39m Thread-19] [org.apache.coyote.http11.Http11NioProtocol] [36mStopping ProtocolHandler ["http-nio-8082"][0;39m
[2023-11-28 17:29:31 [32mINFO [0;39m Thread-19] [org.apache.coyote.http11.Http11NioProtocol] [36mDestroying ProtocolHandler ["http-nio-8082"][0;39m
[2023-11-28 17:29:31 [32mINFO [0;39m restartedMain] [com.example.greengram2.Greengram2Application] [36mStarting Greengram2Application using Java 17.0.8.1 with PID 1340 (D:\Students\hyun\java\greengram2\target\classes started by Administrator in D:\Students\hyun\java\greengram2)[0;39m
[2023-11-28 17:29:31 [32mINFO [0;39m restartedMain] [com.example.greengram2.Greengram2Application] [36mNo active profile set, falling back to 1 default profile: "default"[0;39m
[2023-11-28 17:29:31 [32mINFO [0;39m restartedMain] [org.springframework.boot.web.embedded.tomcat.TomcatWebServer] [36mTomcat initialized with port(s): 8082 (http)[0;39m
[2023-11-28 17:29:31 [32mINFO [0;39m restartedMain] [org.apache.coyote.http11.Http11NioProtocol] [36mInitializing ProtocolHandler ["http-nio-8082"][0;39m
[2023-11-28 17:29:31 [32mINFO [0;39m restartedMain] [org.apache.catalina.core.StandardService] [36mStarting service [Tomcat][0;39m
[2023-11-28 17:29:31 [32mINFO [0;39m restartedMain] [org.apache.catalina.core.StandardEngine] [36mStarting Servlet engine: [Apache Tomcat/10.1.15][0;39m
[2023-11-28 17:29:31 [32mINFO [0;39m restartedMain] [org.apache.catalina.core.ContainerBase.[Tomcat].[localhost].[/]] [36mInitializing Spring embedded WebApplicationContext[0;39m
[2023-11-28 17:29:31 [32mINFO [0;39m restartedMain] [org.springframework.boot.web.servlet.context.ServletWebServerApplicationContext] [36mRoot WebApplicationContext: initialization completed in 135 ms[0;39m
[2023-11-28 17:29:32 [32mINFO [0;39m restartedMain] [org.springframework.boot.autoconfigure.web.servlet.WelcomePageHandlerMapping] [36mAdding welcome page: class path resource [static/index.html][0;39m
[2023-11-28 17:29:32 [32mINFO [0;39m restartedMain] [org.springframework.boot.devtools.autoconfigure.OptionalLiveReloadServer] [36mLiveReload server is running on port 35729[0;39m
[2023-11-28 17:29:32 [32mINFO [0;39m restartedMain] [org.apache.coyote.http11.Http11NioProtocol] [36mStarting ProtocolHandler ["http-nio-8082"][0;39m
[2023-11-28 17:29:32 [32mINFO [0;39m restartedMain] [org.springframework.boot.web.embedded.tomcat.TomcatWebServer] [36mTomcat started on port(s): 8082 (http) with context path ''[0;39m
[2023-11-28 17:29:32 [32mINFO [0;39m restartedMain] [com.example.greengram2.Greengram2Application] [36mStarted Greengram2Application in 0.252 seconds (process running for 20145.559)[0;39m
[2023-11-28 17:29:32 [32mINFO [0;39m restartedMain] [org.springframework.boot.devtools.autoconfigure.ConditionEvaluationDeltaLoggingListener] [36mCondition evaluation unchanged[0;39m
